{
  "RSpec": {
    "coverage": {
      "/grow-api/config/environment.rb": {
        "lines": [
          null,
          null,
          null,
          1,
          null,
          null,
          1
        ]
      },
      "/grow-api/config/application.rb": {
        "lines": [
          null,
          null,
          1,
          null,
          1,
          null,
          1,
          1,
          1,
          1,
          1,
          1,
          1,
          1,
          1,
          1,
          null,
          1,
          null,
          null,
          null,
          1,
          null,
          1,
          1,
          null,
          1,
          1,
          1,
          null,
          null,
          null,
          null,
          null,
          null,
          null,
          null,
          null,
          null,
          1,
          null,
          null,
          1,
          null,
          null,
          null,
          1,
          1,
          null,
          null,
          null,
          1,
          null,
          null,
          1,
          1,
          null,
          null,
          1,
          1,
          1,
          1,
          null,
          null,
          null
        ]
      },
      "/grow-api/config/boot.rb": {
        "lines": [
          null,
          null,
          1,
          null,
          1,
          1
        ]
      },
      "/grow-api/config/spring.rb": {
        "lines": [
          null,
          null,
          1,
          null,
          null,
          null,
          null,
          null
        ]
      },
      "/grow-api/config/environments/development.rb": {
        "lines": [
          null,
          null,
          1,
          1,
          null,
          null,
          null,
          null,
          null,
          null,
          1,
          null,
          null,
          1,
          null,
          null,
          1,
          null,
          null,
          null,
          1,
          0,
          0,
          null,
          null,
          null,
          1,
          null,
          1,
          null,
          null,
          null,
          1,
          null,
          null,
          1,
          null,
          1,
          null,
          null,
          1,
          null,
          null,
          1,
          null,
          null,
          1,
          null,
          null,
          null,
          null,
          null,
          null,
          1,
          null
        ]
      },
      "/grow-api/config/initializers/application_controller_renderer.rb": {
        "lines": [
          null,
          null,
          null,
          null,
          null,
          null,
          null,
          null,
          null
        ]
      },
      "/grow-api/config/initializers/backtrace_silencers.rb": {
        "lines": [
          null,
          null,
          null,
          null,
          null,
          null,
          null,
          null
        ]
      },
      "/grow-api/config/initializers/cors.rb": {
        "lines": [
          null,
          null,
          null,
          null,
          null,
          null,
          null,
          null,
          null,
          1,
          1,
          1,
          null,
          1,
          null,
          null,
          null,
          null,
          null
        ]
      },
      "/grow-api/config/initializers/filter_parameter_logging.rb": {
        "lines": [
          null,
          null,
          null,
          null,
          null,
          1
        ]
      },
      "/grow-api/config/initializers/inflections.rb": {
        "lines": [
          null,
          null,
          null,
          null,
          null,
          null,
          null,
          null,
          null,
          null,
          null,
          null,
          null,
          null,
          null,
          null,
          null
        ]
      },
      "/grow-api/config/initializers/mime_types.rb": {
        "lines": [
          null,
          null,
          null,
          null,
          null
        ]
      },
      "/grow-api/config/initializers/wrap_parameters.rb": {
        "lines": [
          null,
          null,
          null,
          null,
          null,
          null,
          null,
          null,
          1,
          2,
          null,
          null,
          null,
          null,
          null,
          null
        ]
      },
      "/grow-api/spec/factories/like.rb": {
        "lines": [
          null,
          null,
          1,
          1,
          1,
          1,
          null,
          null
        ]
      },
      "/grow-api/spec/factories/notification.rb": {
        "lines": [
          null,
          null,
          1,
          1,
          1,
          1,
          1,
          1,
          1,
          null,
          null
        ]
      },
      "/grow-api/spec/factories/relationship.rb": {
        "lines": [
          null,
          null,
          1,
          1,
          1,
          1,
          null,
          null
        ]
      },
      "/grow-api/spec/factories/task.rb": {
        "lines": [
          null,
          null,
          1,
          1,
          1,
          6,
          6,
          6,
          6,
          1,
          null,
          null
        ]
      },
      "/grow-api/spec/factories/user.rb": {
        "lines": [
          null,
          null,
          1,
          1,
          6,
          1,
          6,
          6,
          6,
          6,
          null,
          null
        ]
      },
      "/grow-api/config/routes.rb": {
        "lines": [
          null,
          null,
          1,
          null,
          1,
          1,
          1,
          null,
          null,
          1,
          1,
          null,
          null,
          1,
          1,
          null,
          1,
          1,
          1,
          1,
          1,
          1,
          null,
          null
        ]
      },
      "/grow-api/app/controllers/v1/searches_controller.rb": {
        "lines": [
          null,
          null,
          1,
          1,
          1,
          4,
          4,
          4,
          4,
          null,
          4,
          4,
          null,
          4,
          null,
          null,
          1,
          null,
          1,
          2,
          null,
          null,
          1,
          2,
          null,
          null,
          1,
          4,
          null,
          null,
          1,
          4,
          4,
          4,
          null,
          4,
          null,
          null,
          1,
          4,
          2,
          null,
          null,
          1,
          2,
          null,
          2,
          null,
          2,
          null,
          null,
          1,
          2,
          null,
          2,
          null,
          2,
          null,
          null,
          1,
          2,
          null,
          null,
          1,
          2,
          null,
          null,
          null
        ]
      },
      "/grow-api/app/controllers/v1/api_controller.rb": {
        "lines": [
          null,
          null,
          1,
          1,
          1,
          null,
          1,
          null,
          1,
          null,
          1,
          5,
          null,
          5,
          null,
          null,
          4,
          4,
          0,
          0,
          null,
          0,
          null,
          null,
          null,
          1,
          1,
          null,
          null,
          1,
          0,
          null,
          null,
          null,
          null,
          null,
          null,
          null,
          1,
          0,
          null,
          null,
          1,
          0,
          null,
          null,
          1,
          0,
          null,
          null,
          1,
          0,
          null,
          null,
          1,
          0,
          null,
          null,
          1,
          0,
          null,
          null,
          1,
          0,
          null,
          null,
          1,
          0,
          null,
          null,
          null
        ]
      },
      "/grow-api/app/controllers/application_controller.rb": {
        "lines": [
          null,
          null,
          1,
          1,
          1,
          null,
          1,
          null,
          1,
          null,
          1,
          5,
          null,
          null,
          null,
          null,
          null,
          null,
          null,
          null,
          null,
          null,
          null
        ]
      },
      "/grow-api/app/models/user.rb": {
        "lines": [
          null,
          null,
          1,
          1,
          1,
          1,
          null,
          1,
          null,
          1,
          null,
          1,
          1,
          null,
          1,
          null,
          1,
          null,
          1,
          1,
          null,
          1,
          null,
          null,
          1,
          0,
          null,
          null,
          1,
          0,
          null,
          null,
          null,
          1,
          0,
          null,
          null,
          1,
          0,
          null,
          null,
          1,
          0,
          null,
          0,
          null,
          null,
          null,
          null,
          0,
          null,
          null,
          1,
          null,
          1,
          5,
          5,
          null,
          null,
          1,
          5,
          null,
          null,
          1,
          5,
          null,
          null
        ]
      },
      "/grow-api/app/models/application_record.rb": {
        "lines": [
          null,
          null,
          1,
          1,
          null
        ]
      },
      "/grow-api/app/models/task.rb": {
        "lines": [
          null,
          null,
          null,
          1,
          1,
          1,
          1,
          null,
          1,
          1,
          1,
          1,
          null,
          1,
          null,
          1,
          0,
          null,
          0,
          0,
          null,
          null,
          1,
          null,
          1,
          0,
          null,
          null,
          null,
          null,
          0,
          0,
          null,
          null,
          1,
          0,
          null,
          null,
          1,
          0,
          null,
          null,
          1,
          5,
          null,
          null,
          1,
          5,
          5,
          5,
          null,
          null,
          1,
          0,
          null,
          null,
          1,
          0,
          null,
          null,
          1,
          0,
          0,
          null,
          null,
          1,
          5,
          5,
          5,
          5,
          5,
          5,
          null,
          null,
          1,
          5,
          5,
          null,
          null,
          1,
          5,
          null,
          null,
          1,
          5,
          null,
          null,
          1,
          5,
          null,
          null,
          1,
          5,
          null,
          null,
          1,
          10,
          null,
          null,
          1,
          5,
          null,
          0,
          null,
          null
        ]
      },
      "/grow-api/app/lib/json_web_token.rb": {
        "lines": [
          null,
          null,
          1,
          1,
          null,
          1,
          5,
          5,
          null,
          null,
          1,
          4,
          4,
          null,
          null
        ]
      },
      "/grow-api/app/controllers/v1/csrf_tokens_controller.rb": {
        "lines": [
          null,
          null,
          1,
          1,
          1,
          null,
          1,
          5,
          null,
          null,
          null,
          null,
          null,
          null
        ]
      },
      "/grow-api/app/models/search.rb": {
        "lines": [
          null,
          null,
          1,
          1,
          4,
          null,
          2,
          null,
          2,
          null,
          0,
          null,
          null,
          null,
          1,
          2,
          2,
          null,
          null,
          1,
          2,
          2,
          null,
          null
        ]
      },
      "/grow-api/app/serializers/user_serializer.rb": {
        "lines": [
          null,
          null,
          1,
          1,
          null,
          1,
          4,
          4,
          null,
          null,
          1,
          4,
          4,
          4,
          null,
          null,
          1,
          2,
          null,
          null,
          1,
          0,
          null,
          null
        ]
      },
      "/grow-api/app/serializers/task_serializer.rb": {
        "lines": [
          null,
          null,
          1,
          1,
          1,
          null,
          1,
          2,
          null,
          null,
          1,
          0,
          null,
          null,
          1,
          0,
          null,
          null
        ]
      }
    },
    "timestamp": 1687456439
  }
}
