{
  "RSpec": {
    "coverage": {
      "/grow-api/config/environment.rb": {
        "lines": [
          null,
          null,
          null,
          1,
          null,
          null,
          1
        ]
      },
      "/grow-api/config/application.rb": {
        "lines": [
          null,
          null,
          1,
          null,
          1,
          null,
          1,
          1,
          1,
          1,
          1,
          1,
          1,
          1,
          1,
          1,
          null,
          1,
          null,
          null,
          null,
          1,
          null,
          1,
          1,
          null,
          1,
          1,
          1,
          null,
          null,
          null,
          null,
          null,
          null,
          null,
          null,
          null,
          null,
          1,
          null,
          null,
          1,
          null,
          null,
          null,
          1,
          1,
          null,
          null,
          null,
          1,
          null,
          null,
          1,
          1,
          null,
          null,
          1,
          1,
          1,
          1,
          null,
          null,
          null
        ]
      },
      "/grow-api/config/boot.rb": {
        "lines": [
          null,
          null,
          1,
          null,
          1,
          1
        ]
      },
      "/grow-api/config/spring.rb": {
        "lines": [
          null,
          null,
          1,
          null,
          null,
          null,
          null,
          null
        ]
      },
      "/grow-api/config/environments/development.rb": {
        "lines": [
          null,
          null,
          1,
          1,
          null,
          null,
          null,
          null,
          null,
          null,
          1,
          null,
          null,
          1,
          null,
          null,
          1,
          null,
          null,
          null,
          1,
          0,
          0,
          null,
          null,
          null,
          1,
          null,
          1,
          null,
          null,
          null,
          1,
          null,
          null,
          1,
          null,
          1,
          null,
          null,
          1,
          null,
          null,
          1,
          null,
          null,
          1,
          null,
          null,
          null,
          null,
          null,
          null,
          1,
          null
        ]
      },
      "/grow-api/config/initializers/application_controller_renderer.rb": {
        "lines": [
          null,
          null,
          null,
          null,
          null,
          null,
          null,
          null,
          null
        ]
      },
      "/grow-api/config/initializers/backtrace_silencers.rb": {
        "lines": [
          null,
          null,
          null,
          null,
          null,
          null,
          null,
          null
        ]
      },
      "/grow-api/config/initializers/cors.rb": {
        "lines": [
          null,
          null,
          null,
          null,
          null,
          null,
          null,
          null,
          null,
          1,
          1,
          1,
          null,
          1,
          null,
          null,
          null,
          null,
          null
        ]
      },
      "/grow-api/config/initializers/filter_parameter_logging.rb": {
        "lines": [
          null,
          null,
          null,
          null,
          null,
          1
        ]
      },
      "/grow-api/config/initializers/inflections.rb": {
        "lines": [
          null,
          null,
          null,
          null,
          null,
          null,
          null,
          null,
          null,
          null,
          null,
          null,
          null,
          null,
          null,
          null,
          null
        ]
      },
      "/grow-api/config/initializers/mime_types.rb": {
        "lines": [
          null,
          null,
          null,
          null,
          null
        ]
      },
      "/grow-api/config/initializers/wrap_parameters.rb": {
        "lines": [
          null,
          null,
          null,
          null,
          null,
          null,
          null,
          null,
          1,
          2,
          null,
          null,
          null,
          null,
          null,
          null
        ]
      },
      "/grow-api/spec/factories/like.rb": {
        "lines": [
          null,
          null,
          1,
          1,
          1,
          1,
          null,
          null
        ]
      },
      "/grow-api/spec/factories/notification.rb": {
        "lines": [
          null,
          null,
          1,
          1,
          1,
          1,
          1,
          1,
          1,
          null,
          null
        ]
      },
      "/grow-api/spec/factories/relationship.rb": {
        "lines": [
          null,
          null,
          1,
          1,
          1,
          1,
          null,
          null
        ]
      },
      "/grow-api/spec/factories/task.rb": {
        "lines": [
          null,
          null,
          1,
          1,
          81,
          129,
          151,
          97,
          97,
          1,
          null,
          null
        ]
      },
      "/grow-api/spec/factories/user.rb": {
        "lines": [
          null,
          null,
          1,
          1,
          84,
          84,
          84,
          84,
          84,
          84,
          null,
          null
        ]
      },
      "/grow-api/config/routes.rb": {
        "lines": [
          null,
          null,
          1,
          null,
          1,
          1,
          1,
          null,
          null,
          1,
          1,
          null,
          null,
          1,
          1,
          null,
          1,
          1,
          1,
          1,
          1,
          1,
          null,
          null
        ]
      },
      "/grow-api/app/controllers/v1/tasks_controller.rb": {
        "lines": [
          null,
          null,
          1,
          1,
          1,
          1,
          10,
          10,
          null,
          10,
          10,
          null,
          10,
          10,
          null,
          10,
          null,
          null,
          1,
          2,
          2,
          null,
          1,
          null,
          null,
          1,
          11,
          11,
          11,
          null,
          null,
          1,
          11,
          11,
          null,
          11,
          null,
          null,
          1,
          1,
          1,
          null,
          null,
          1,
          null,
          1,
          22,
          null,
          null,
          1,
          30,
          null,
          null,
          1,
          16,
          16,
          null,
          14,
          null,
          14,
          12,
          2,
          2,
          null,
          null,
          14,
          null,
          2,
          null,
          null,
          1,
          10,
          10,
          null,
          9,
          9,
          null,
          null,
          1,
          20,
          null,
          14,
          null,
          null,
          1,
          20,
          null,
          null,
          1,
          1,
          1,
          1,
          null,
          null,
          null
        ]
      },
      "/grow-api/app/controllers/v1/api_controller.rb": {
        "lines": [
          null,
          null,
          1,
          1,
          1,
          null,
          1,
          null,
          1,
          null,
          1,
          47,
          null,
          47,
          null,
          null,
          42,
          42,
          0,
          0,
          null,
          0,
          null,
          null,
          null,
          1,
          5,
          null,
          null,
          1,
          0,
          null,
          null,
          null,
          null,
          null,
          null,
          null,
          1,
          0,
          null,
          null,
          1,
          0,
          null,
          null,
          1,
          2,
          null,
          null,
          1,
          14,
          null,
          null,
          1,
          0,
          null,
          null,
          1,
          0,
          null,
          null,
          1,
          3,
          null,
          null,
          1,
          12,
          null,
          null,
          null
        ]
      },
      "/grow-api/app/controllers/application_controller.rb": {
        "lines": [
          null,
          null,
          1,
          1,
          1,
          null,
          1,
          null,
          1,
          null,
          1,
          40,
          null,
          null,
          null,
          null,
          null,
          null,
          null,
          null,
          null,
          null,
          null
        ]
      },
      "/grow-api/app/models/user.rb": {
        "lines": [
          null,
          null,
          1,
          1,
          1,
          1,
          null,
          1,
          null,
          1,
          null,
          1,
          1,
          null,
          1,
          null,
          1,
          null,
          1,
          1,
          null,
          1,
          null,
          null,
          1,
          0,
          null,
          null,
          1,
          0,
          null,
          null,
          null,
          1,
          3,
          null,
          null,
          1,
          0,
          null,
          null,
          1,
          3,
          null,
          3,
          null,
          null,
          null,
          null,
          3,
          null,
          null,
          1,
          null,
          1,
          83,
          83,
          null,
          null,
          1,
          83,
          null,
          null,
          1,
          83,
          null,
          null
        ]
      },
      "/grow-api/app/models/application_record.rb": {
        "lines": [
          null,
          null,
          1,
          1,
          null
        ]
      },
      "/grow-api/app/lib/json_web_token.rb": {
        "lines": [
          null,
          null,
          1,
          1,
          null,
          1,
          40,
          40,
          null,
          null,
          1,
          42,
          42,
          null,
          null
        ]
      },
      "/grow-api/app/controllers/v1/csrf_tokens_controller.rb": {
        "lines": [
          null,
          null,
          1,
          1,
          1,
          null,
          1,
          40,
          null,
          null,
          null,
          null,
          null,
          null
        ]
      },
      "/grow-api/app/models/task.rb": {
        "lines": [
          null,
          null,
          null,
          1,
          1,
          1,
          1,
          null,
          1,
          1,
          1,
          1,
          null,
          1,
          null,
          1,
          0,
          null,
          0,
          0,
          null,
          null,
          1,
          null,
          1,
          0,
          null,
          null,
          null,
          null,
          0,
          0,
          null,
          null,
          1,
          0,
          null,
          null,
          1,
          0,
          null,
          null,
          1,
          45,
          null,
          null,
          1,
          57,
          57,
          57,
          null,
          null,
          1,
          2,
          null,
          null,
          1,
          2,
          null,
          null,
          1,
          2,
          2,
          null,
          null,
          1,
          57,
          57,
          57,
          57,
          57,
          57,
          null,
          null,
          1,
          57,
          57,
          null,
          null,
          1,
          57,
          null,
          null,
          1,
          57,
          null,
          null,
          1,
          57,
          null,
          null,
          1,
          57,
          null,
          null,
          1,
          114,
          null,
          null,
          1,
          57,
          null,
          2,
          null,
          null
        ]
      },
      "/grow-api/app/controllers/v1/relationships_controller.rb": {
        "lines": [
          null,
          null,
          1,
          1,
          1,
          3,
          3,
          3,
          null,
          3,
          3,
          3,
          3,
          null,
          null,
          null,
          3,
          3,
          null,
          null,
          1,
          0,
          0,
          0,
          null,
          0,
          0,
          0,
          0,
          null,
          null,
          null,
          0,
          0,
          null,
          null,
          1,
          null,
          1,
          0,
          null,
          null,
          1,
          0,
          null,
          null,
          null
        ]
      },
      "/grow-api/app/models/relationship.rb": {
        "lines": [
          null,
          null,
          1,
          1,
          1,
          null,
          1,
          null,
          1,
          3,
          3,
          3,
          null,
          null,
          1,
          3,
          null,
          null,
          1,
          3,
          3,
          3,
          3,
          null,
          null,
          1,
          0,
          0,
          0,
          null,
          null,
          1,
          0,
          null,
          null,
          1,
          3,
          null,
          null,
          1,
          null,
          1,
          3,
          3,
          null,
          null,
          1,
          3,
          null,
          null,
          1,
          3,
          null,
          null
        ]
      },
      "/grow-api/app/models/notification.rb": {
        "lines": [
          null,
          null,
          1,
          16,
          null,
          1,
          1,
          1,
          null,
          1,
          null,
          1,
          0,
          0,
          null,
          null,
          null,
          1,
          0,
          null,
          null,
          1,
          0,
          0,
          0,
          null,
          null,
          0,
          null,
          null,
          1,
          null,
          1,
          6,
          6,
          6,
          6,
          null,
          null,
          1,
          6,
          null,
          null,
          1,
          6,
          null,
          null,
          1,
          6,
          null,
          null,
          1,
          6,
          null,
          null
        ]
      },
      "/grow-api/app/serializers/task_serializer.rb": {
        "lines": [
          null,
          null,
          1,
          1,
          1,
          null,
          1,
          20,
          null,
          null,
          1,
          1,
          null,
          null,
          1,
          1,
          null,
          null
        ]
      },
      "/grow-api/app/serializers/user_serializer.rb": {
        "lines": [
          null,
          null,
          1,
          1,
          null,
          1,
          23,
          23,
          null,
          null,
          1,
          23,
          23,
          23,
          null,
          null,
          1,
          0,
          null,
          null,
          1,
          0,
          null,
          null
        ]
      },
      "/grow-api/app/models/like.rb": {
        "lines": [
          null,
          null,
          1,
          1,
          1,
          null,
          1,
          null,
          1,
          0,
          0,
          0,
          0,
          null,
          null,
          1,
          0,
          null,
          null,
          1,
          0,
          null,
          null,
          1,
          null,
          1,
          0,
          0,
          null,
          null,
          1,
          0,
          null,
          null,
          1,
          0,
          null,
          null
        ]
      }
    },
    "timestamp": 1687507530
  }
}
